dazuoye/app/build/intermediates/manifest_merge_blame_file/debug/manifest-merger-blame-debug-report.txt
1<?xml version="1.0" encoding="utf-8"?>
2<manifest xmlns:android="http://schemas.android.com/apk/res/android"
3    package="com.example.homework"
4    android:versionCode="1"
5    android:versionName="1.0" >
6
7    <uses-sdk
8        android:minSdkVersion="16"
8-->src\main\AndroidManifest.xml
9        android:targetSdkVersion="30" />
9-->src\main\AndroidManifest.xml
10
11    <permission android:name="android.permission.MOUNT_UNMOUNT_FILESYSTEMS" />
11-->src\main\AndroidManifest.xml:5:5-79
11-->src\main\AndroidManifest.xml:5:17-76
12
13    <uses-permission android:name="android.permission.READ_EXTERNAL_STORAG" />
13-->src\main\AndroidManifest.xml:7:5-79
13-->src\main\AndroidManifest.xml:7:22-76
14    <uses-permission android:name="android.permission.WRITE_EXTERNAL_STORAGE" />
14-->src\main\AndroidManifest.xml:8:5-81
14-->src\main\AndroidManifest.xml:8:22-78
15
16    <application
16-->src\main\AndroidManifest.xml:10:5-60:19
17        android:name="com.example.Homework.MainApplication"
17-->src\main\AndroidManifest.xml:11:9-40
18        android:allowBackup="true"
18-->src\main\AndroidManifest.xml:12:9-35
19        android:appComponentFactory="androidx.core.app.CoreComponentFactory"
19-->[androidx.core:core:1.3.1] AndroidManifest.xml:24:18-86
20        android:debuggable="true"
21        android:icon="@mipmap/ic_launcher"
21-->src\main\AndroidManifest.xml:13:9-43
22        android:label="18990267牛雨琪"
22-->src\main\AndroidManifest.xml:14:9-36
23        android:roundIcon="@mipmap/ic_launcher_round"
23-->src\main\AndroidManifest.xml:15:9-54
24        android:supportsRtl="true"
24-->src\main\AndroidManifest.xml:16:9-35
25        android:testOnly="true"
26        android:theme="@style/AppTheme" >
26-->src\main\AndroidManifest.xml:17:9-40
27        <activity android:name="com.example.Homework.SQLiteWriteActivity" />
27-->src\main\AndroidManifest.xml:18:9-66
27-->src\main\AndroidManifest.xml:18:19-54
28        <activity android:name="com.example.Homework.LoginForgetActivity" />
28-->src\main\AndroidManifest.xml:19:9-57
28-->src\main\AndroidManifest.xml:19:19-54
29        <activity
29-->src\main\AndroidManifest.xml:20:9-22:39
30            android:name="com.example.Homework.ShoppingCartActivity"
30-->src\main\AndroidManifest.xml:21:13-49
31            android:exported="true" />
31-->src\main\AndroidManifest.xml:22:13-36
32        <activity
32-->src\main\AndroidManifest.xml:23:9-25:39
33            android:name="com.example.Homework.ShoppingDetailActivity"
33-->src\main\AndroidManifest.xml:24:13-51
34            android:exported="true" />
34-->src\main\AndroidManifest.xml:25:13-36
35        <activity
35-->src\main\AndroidManifest.xml:26:9-28:39
36            android:name="com.example.Homework.TabThirdActivity"
36-->src\main\AndroidManifest.xml:27:13-45
37            android:exported="true" />
37-->src\main\AndroidManifest.xml:28:13-36
38        <activity
38-->src\main\AndroidManifest.xml:29:9-31:39
39            android:name="com.example.Homework.TabSecondActivity"
39-->src\main\AndroidManifest.xml:30:13-46
40            android:exported="true" />
40-->src\main\AndroidManifest.xml:31:13-36
41        <activity
41-->src\main\AndroidManifest.xml:32:9-34:39
42            android:name="com.example.Homework.TabFirstActivity"
42-->src\main\AndroidManifest.xml:33:13-45
43            android:exported="true" />
43-->src\main\AndroidManifest.xml:34:13-36
44        <activity
44-->src\main\AndroidManifest.xml:35:9-45:20
45            android:name="com.example.Homework.SearchResultActvity"
45-->src\main\AndroidManifest.xml:36:13-48
46            android:theme="@style/AppCompatTheme" >
46-->src\main\AndroidManifest.xml:37:13-50
47            <intent-filter>
47-->src\main\AndroidManifest.xml:38:13-40:29
48                <action android:name="android.intent.action.SEARCH" />
48-->src\main\AndroidManifest.xml:39:17-71
48-->src\main\AndroidManifest.xml:39:25-68
49            </intent-filter>
50
51            <meta-data
51-->src\main\AndroidManifest.xml:42:13-44:54
52                android:name="android.app.searchable"
52-->src\main\AndroidManifest.xml:43:17-54
53                android:resource="@xml/searchable" />
53-->src\main\AndroidManifest.xml:44:17-51
54        </activity>
55        <activity
55-->src\main\AndroidManifest.xml:46:9-49:53
56            android:name="com.example.Homework.TabFragmentActivity"
56-->src\main\AndroidManifest.xml:47:13-48
57            android:exported="true"
57-->src\main\AndroidManifest.xml:48:13-36
58            android:theme="@style/AppCompatTheme" />
58-->src\main\AndroidManifest.xml:49:13-50
59        <activity
59-->src\main\AndroidManifest.xml:50:9-56:36
60            android:name="com.example.Homework.LaunchSimpleActivity"
60-->src\main\AndroidManifest.xml:51:13-49
61            android:exported="true" >
61-->src\main\AndroidManifest.xml:52:13-36
62            <intent-filter>
62-->src\main\AndroidManifest.xml:52:39-56:25
63                <action android:name="android.intent.action.MAIN" />
63-->src\main\AndroidManifest.xml:53:13-65
63-->src\main\AndroidManifest.xml:53:21-62
64
65                <category android:name="android.intent.category.LAUNCHER" />
65-->src\main\AndroidManifest.xml:55:13-73
65-->src\main\AndroidManifest.xml:55:23-70
66            </intent-filter>
67        </activity>
68        <activity android:name="com.example.Homework.MainActivity" >
68-->src\main\AndroidManifest.xml:57:9-59:20
68-->src\main\AndroidManifest.xml:57:19-47
69        </activity>
70    </application>
71
72</manifest>